<?xml version="1.0" encoding="UTF-8"?>
<!-- Generated by org.testng.reporters.JUnitReportReporter -->
<testsuite skipped="0" hostname="EPUAVINW0145" name="TestsAutoRia" tests="9" failures="0" timestamp="09 Jul 2018 13:17:33 GMT" time="151.375" errors="0">
  <testcase name="apiTest" time="12.911" classname="TestsAutoRia"/>
  <testcase name="invalidDataSearchTest" time="19.376" classname="TestsAutoRia"/>
  <testcase name="checkHeadersLink" time="12.529" classname="TestsAutoRia"/>
  <testcase name="checkResultsOfSearchTestNew" time="14.601" classname="TestsAutoRia"/>
  <testcase name="invalidDataSearchTest" time="18.460" classname="TestsAutoRia"/>
  <testcase name="checkResultsOfSearchTestBu" time="16.734" classname="TestsAutoRia"/>
  <testcase name="registrationWithInvalidDataTest" time="23.657" classname="TestsAutoRia"/>
  <testcase name="checkDownloadPageTest" time="17.806" classname="TestsAutoRia"/>
  <testcase name="apiTestRestAssure" time="15.301" classname="TestsAutoRia"/>
</testsuite> <!-- TestsAutoRia -->
