<?xml version="1.0" encoding="UTF-8"?>
<!-- Generated by org.testng.reporters.JUnitReportReporter -->
<testsuite skipped="0" hostname="EPUAVINW0145" name="ApiTest" tests="3" failures="0" timestamp="17 Jul 2018 12:50:41 GMT" time="4.407" errors="0">
  <testcase name="apiTestRestAssured2" time="0.357" classname="ApiTest"/>
  <testcase name="apiTestRestAssured3" time="0.310" classname="ApiTest"/>
  <testcase name="apiTestRestAssured1" time="3.740" classname="ApiTest"/>
</testsuite> <!-- ApiTest -->
